Listening for transport dt_socket at address: 60386
{"logLevel":"debug","message":"multithreading is set to false"}
{"logLevel":"debug","message":"Using reflection to scan dependencies for gauge implementations..."}
SLF4J: Failed to load class "org.slf4j.impl.StaticLoggerBinder".
SLF4J: Defaulting to no-operation (NOP) logger implementation
SLF4J: See http://www.slf4j.org/codes.html#StaticLoggerBinder for further details.
{"logLevel":"debug","message":"gauge-java took 1060milliseconds to load and scan. This should be less than 'runner_connection_timeout' config value."}
{"logLevel":"debug","message":"run 'gauge config runner_connection_timeout' and verify that it is < 1060"}
{"logLevel":"debug","message":"starting gRPC server..."}
{"logLevel":"debug","message":"started gRPC server on port 60417"}
{"logLevel":"info","message":"Listening on port:60417"}
{"logLevel":"debug","message":"Scanning packages for steps"}
{"logLevel":"debug","message":"Comparing 'test.CalculatıonTest.chooseInsurance' and 'test.CalculatıonTest.chooseInsurance'"}
{"logLevel":"debug","message":"Found Choose {} in the button in current project scope."}
{"logLevel":"debug","message":"Comparing 'test.CalculatıonTest.setCreditPrice' and 'test.CalculatıonTest.setCreditPrice'"}
{"logLevel":"debug","message":"Found Enter {}TL in 'TUTAR' field in current project scope."}
{"logLevel":"debug","message":"Comparing 'test.HomeTest.clickCalculator' and 'test.HomeTest.clickCalculator'"}
{"logLevel":"debug","message":"Found Click on 'Kredi Hesaplama' in current project scope."}
{"logLevel":"debug","message":"Comparing 'test.HomeTest.scrollDownToBottom' and 'test.HomeTest.scrollDownToBottom'"}
{"logLevel":"debug","message":"Found Scroll down to the bottom of the page in current project scope."}
{"logLevel":"debug","message":"Comparing 'test.HomeTest.goToUrl' and 'test.HomeTest.goToUrl'"}
{"logLevel":"debug","message":"Found Enter {} Akbank Home Page; in current project scope."}
{"logLevel":"debug","message":"Scanning packages for hooks"}
{"logLevel":"debug","message":"Scanned steps (using static parsing + reflections): "}
{"logLevel":"debug","message":"\tScroll down to the bottom of the page : public void scrollDownToBottom()"}
{"logLevel":"debug","message":"\tChoose {} in the button : public void chooseInsurance(String key)"}
{"logLevel":"debug","message":"\tClick on 'Kredi Hesaplama' : public void clickCalculator()"}
{"logLevel":"debug","message":"\tEnter {} Akbank Home Page; : public void goToUrl(String key)"}
{"logLevel":"debug","message":"\tEnter {}TL in 'TUTAR' field : public void setCreditPrice(String key)"}
Starting ChromeDriver 89.0.4389.23 (61b08ee2c50024bab004e48d2b1b083cdbdac579-refs/branch-heads/4389@{#294}) on port 8551
Only local connections are allowed.
Please see https://chromedriver.chromium.org/security-considerations for suggestions on keeping ChromeDriver safe.
ChromeDriver was started successfully.
Nis 10, 2021 10:43:14 AM org.openqa.selenium.remote.ProtocolHandshake createSession
INFO: Detected dialect: W3C
{"logLevel":"debug","message":"Executing 'Enter {} Akbank Home Page;' using 'class test.HomeTest.goToUrl"}
{"logLevel":"debug","message":"Executing 'Scroll down to the bottom of the page' using 'class test.HomeTest.scrollDownToBottom"}
{"logLevel":"debug","message":"Executing 'Click on 'Kredi Hesaplama'' using 'class test.HomeTest.clickCalculator"}
{"logLevel":"debug","message":"Executing 'Enter {}TL in 'TUTAR' field' using 'class test.CalculatıonTest.setCreditPrice"}
{"logLevel":"debug","message":"Executing 'Choose {} in the button' using 'class test.CalculatıonTest.chooseInsurance"}
